<?xml version="1.0" encoding="UTF-8"?>
<!-- Generated by org.testng.reporters.JUnitReportReporter -->
<testsuite hostname="IT-SarahGao" name="com.test.testcases.Qunar" tests="1" failures="0" timestamp="10 May 2015 13:20:16 GMT" time="48.222" errors="0">
  <testcase name="testQunar" time="48.222" classname="com.test.testcases.Qunar"/>
</testsuite> <!-- com.test.testcases.Qunar -->
